[36m--[0m Using CATKIN_DEVEL_PREFIX: /home/pandanuc3/catkin_ws4/devel/.private/command_gripper
[36m--[0m Using CMAKE_PREFIX_PATH: /home/pandanuc3/catkin_ws4/devel;/opt/ros/kinetic
[36m--[0m This workspace overlays: /home/pandanuc3/catkin_ws4/devel;/opt/ros/kinetic
[36m--[0m Found PythonInterp: /usr/bin/python2 (found suitable version "2.7.12", minimum required is "2")
[36m--[0m Using PYTHON_EXECUTABLE: /usr/bin/python2
[36m--[0m Using Debian Python package layout
[36m--[0m Using empy: /usr/bin/empy
[36m--[0m Using CATKIN_ENABLE_TESTING: ON
[36m--[0m Call enable_testing()
[36m--[0m Using CATKIN_TEST_RESULTS_DIR: /home/pandanuc3/catkin_ws4/build/command_gripper/test_results
[36m--[0m Found gtest sources under '/usr/src/gmock': gtests will be built
[36m--[0m Found gmock sources under '/usr/src/gmock': gmock will be built
[36m--[0m Found PythonInterp: /usr/bin/python2 (found version "2.7.12")
[36m--[0m Using Python nosetests: /usr/bin/nosetests-2.7
[36m--[0m catkin 0.7.29
[36m--[0m BUILD_SHARED_LIBS is on
[36m--[0m Configuring done
CMake Error: CMake can not determine linker language for target: action_server_panda
CMake Error: Cannot determine link language for target "action_server_panda".
[36m--[0m Generating done
[36m--[0m Build files have been written to: /home/pandanuc3/catkin_ws4/build/command_gripper
Makefile:542: recipe for target 'cmake_check_build_system' failed
make: *** [cmake_check_build_system] Error 1
