[01m[K/home/pandanuc3/catkin_ws4/src/moveit_tutorials/doc/move_group_interface/src/move_group_interface_tutorial.cpp:[m[K In function ‘[01m[Kint main(int, char**)[m[K’:
[01m[K/home/pandanuc3/catkin_ws4/src/moveit_tutorials/doc/move_group_interface/src/move_group_interface_tutorial.cpp:521:1:[m[K [01;31m[Kerror: [m[Ka function-definition is not allowed here before ‘[01m[K{[m[K’ token
 {
[01;32m[K ^[m[K
[01m[K/home/pandanuc3/catkin_ws4/src/moveit_tutorials/doc/move_group_interface/src/move_group_interface_tutorial.cpp:538:1:[m[K [01;31m[Kerror: [m[Ka function-definition is not allowed here before ‘[01m[K{[m[K’ token
 {
[01;32m[K ^[m[K
[01m[K/home/pandanuc3/catkin_ws4/src/moveit_tutorials/doc/move_group_interface/src/move_group_interface_tutorial.cpp:555:1:[m[K [01;31m[Kerror: [m[Ka function-definition is not allowed here before ‘[01m[K{[m[K’ token
 {
[01;32m[K ^[m[K
[01m[K/home/pandanuc3/catkin_ws4/src/moveit_tutorials/doc/move_group_interface/src/move_group_interface_tutorial.cpp:615:1:[m[K [01;31m[Kerror: [m[Ka function-definition is not allowed here before ‘[01m[K{[m[K’ token
 {
[01;32m[K ^[m[K
[01m[K/home/pandanuc3/catkin_ws4/src/moveit_tutorials/doc/move_group_interface/src/move_group_interface_tutorial.cpp:667:1:[m[K [01;31m[Kerror: [m[Ka function-definition is not allowed here before ‘[01m[K{[m[K’ token
 {
[01;32m[K ^[m[K
[01m[K/home/pandanuc3/catkin_ws4/src/moveit_tutorials/doc/move_group_interface/src/move_group_interface_tutorial.cpp:747:28:[m[K [01;31m[Kerror: [m[Kredeclaration of ‘[01m[Kros::AsyncSpinner spinner[m[K’
   ros::AsyncSpinner spinner(1);
[01;32m[K                            ^[m[K
[01m[K/home/pandanuc3/catkin_ws4/src/moveit_tutorials/doc/move_group_interface/src/move_group_interface_tutorial.cpp:61:21:[m[K [01;36m[Knote: [m[K‘[01m[Kros::AsyncSpinner spinner[m[K’ previously declared here
   ros::AsyncSpinner spinner(1);
[01;32m[K                     ^[m[K
[01m[K/home/pandanuc3/catkin_ws4/src/moveit_tutorials/doc/move_group_interface/src/move_group_interface_tutorial.cpp:751:54:[m[K [01;31m[Kerror: [m[Kredeclaration of ‘[01m[Kmoveit::planning_interface::PlanningSceneInterface planning_scene_interface[m[K’
   moveit::planning_interface::PlanningSceneInterface planning_scene_interface;
[01;32m[K                                                      ^[m[K
[01m[K/home/pandanuc3/catkin_ws4/src/moveit_tutorials/doc/move_group_interface/src/move_group_interface_tutorial.cpp:80:54:[m[K [01;36m[Knote: [m[K‘[01m[Kmoveit::planning_interface::PlanningSceneInterface planning_scene_interface[m[K’ previously declared here
   moveit::planning_interface::PlanningSceneInterface planning_scene_interface;
[01;32m[K                                                      ^[m[K
[01m[K/home/pandanuc3/catkin_ws4/src/moveit_tutorials/doc/move_group_interface/src/move_group_interface_tutorial.cpp:755:47:[m[K [01;31m[Kerror: [m[K‘[01m[KaddCollisionObjects[m[K’ was not declared in this scope
   addCollisionObjects(planning_scene_interface);
[01;32m[K                                               ^[m[K
[01m[K/home/pandanuc3/catkin_ws4/src/moveit_tutorials/doc/move_group_interface/src/move_group_interface_tutorial.cpp:760:13:[m[K [01;31m[Kerror: [m[K‘[01m[Kpick[m[K’ was not declared in this scope
   pick(group);
[01;32m[K             ^[m[K
[01m[K/home/pandanuc3/catkin_ws4/src/moveit_tutorials/doc/move_group_interface/src/move_group_interface_tutorial.cpp:764:14:[m[K [01;31m[Kerror: [m[K‘[01m[Kplace[m[K’ was not declared in this scope
   place(group);
[01;32m[K              ^[m[K
make[2]: *** [doc/move_group_interface/CMakeFiles/move_group_interface_tutorial.dir/src/move_group_interface_tutorial.cpp.o] Error 1
make[1]: *** [doc/move_group_interface/CMakeFiles/move_group_interface_tutorial.dir/all] Error 2
make: *** [all] Error 2
