[01m[K/home/pandanuc3/catkin_ws4/src/moveit_tutorials/doc/move_group_interface/src/move_group_interface_tutorial.cpp:[m[K In function ‘[01m[Kint main(int, char**)[m[K’:
[01m[K/home/pandanuc3/catkin_ws4/src/moveit_tutorials/doc/move_group_interface/src/move_group_interface_tutorial.cpp:302:53:[m[K [01;31m[Kerror: [m[Kno match for ‘[01m[Koperator*[m[K’ (operand types are ‘[01m[Kgeometry_msgs::Pose_<std::allocator<void> >::_orientation_type {aka geometry_msgs::Quaternion_<std::allocator<void> >}[m[K’ and ‘[01m[Kdouble[m[K’)
   target_pose1.orientation = start_pose0.orientation*0.8;
[01;32m[K                                                     ^[m[K
In file included from [01m[K/usr/include/boost/config/no_tr1/complex.hpp:21:0[m[K,
                 from [01m[K/usr/include/boost/math/special_functions/math_fwd.hpp:31[m[K,
                 from [01m[K/usr/include/boost/math/special_functions/sign.hpp:17[m[K,
                 from [01m[K/usr/include/boost/lexical_cast/detail/inf_nan.hpp:34[m[K,
                 from [01m[K/usr/include/boost/lexical_cast/detail/converter_lexical_streams.hpp:64[m[K,
                 from [01m[K/usr/include/boost/lexical_cast/detail/converter_lexical.hpp:53[m[K,
                 from [01m[K/usr/include/boost/lexical_cast/try_lexical_convert.hpp:34[m[K,
                 from [01m[K/usr/include/boost/lexical_cast.hpp:32[m[K,
                 from [01m[K/usr/include/urdf_model/pose.h:54[m[K,
                 from [01m[K/usr/include/urdf_model/joint.h:43[m[K,
                 from [01m[K/usr/include/urdf_model/link.h:44[m[K,
                 from [01m[K/usr/include/urdf_model/model.h:42[m[K,
                 from [01m[K/opt/ros/kinetic/include/urdf/model.h:42[m[K,
                 from [01m[K/opt/ros/kinetic/include/moveit/robot_model/robot_model.h:43[m[K,
                 from [01m[K/opt/ros/kinetic/include/moveit/robot_state/robot_state.h:41[m[K,
                 from [01m[K/opt/ros/kinetic/include/moveit/move_group_interface/move_group_interface.h:43[m[K,
                 from [01m[K/home/pandanuc3/catkin_ws4/src/moveit_tutorials/doc/move_group_interface/src/move_group_interface_tutorial.cpp:37[m[K:
[01m[K/usr/include/c++/5/complex:404:5:[m[K [01;36m[Knote: [m[Kcandidate: template<class _Tp> std::complex<_Tp> std::operator*(const _Tp&, const std::complex<_Tp>&)
     operator*(const _Tp& __x, const complex<_Tp>& __y)
[01;32m[K     ^[m[K
[01m[K/usr/include/c++/5/complex:404:5:[m[K [01;36m[Knote: [m[K  template argument deduction/substitution failed:
[01m[K/home/pandanuc3/catkin_ws4/src/moveit_tutorials/doc/move_group_interface/src/move_group_interface_tutorial.cpp:302:54:[m[K [01;36m[Knote: [m[K  mismatched types ‘[01m[Kconst std::complex<_Tp>[m[K’ and ‘[01m[Kdouble[m[K’
   target_pose1.orientation = start_pose0.orientation*0.8;
[01;32m[K                                                      ^[m[K
In file included from [01m[K/usr/include/boost/config/no_tr1/complex.hpp:21:0[m[K,
                 from [01m[K/usr/include/boost/math/special_functions/math_fwd.hpp:31[m[K,
                 from [01m[K/usr/include/boost/math/special_functions/sign.hpp:17[m[K,
                 from [01m[K/usr/include/boost/lexical_cast/detail/inf_nan.hpp:34[m[K,
                 from [01m[K/usr/include/boost/lexical_cast/detail/converter_lexical_streams.hpp:64[m[K,
                 from [01m[K/usr/include/boost/lexical_cast/detail/converter_lexical.hpp:53[m[K,
                 from [01m[K/usr/include/boost/lexical_cast/try_lexical_convert.hpp:34[m[K,
                 from [01m[K/usr/include/boost/lexical_cast.hpp:32[m[K,
                 from [01m[K/usr/include/urdf_model/pose.h:54[m[K,
                 from [01m[K/usr/include/urdf_model/joint.h:43[m[K,
                 from [01m[K/usr/include/urdf_model/link.h:44[m[K,
                 from [01m[K/usr/include/urdf_model/model.h:42[m[K,
                 from [01m[K/opt/ros/kinetic/include/urdf/model.h:42[m[K,
                 from [01m[K/opt/ros/kinetic/include/moveit/robot_model/robot_model.h:43[m[K,
                 from [01m[K/opt/ros/kinetic/include/moveit/robot_state/robot_state.h:41[m[K,
                 from [01m[K/opt/ros/kinetic/include/moveit/move_group_interface/move_group_interface.h:43[m[K,
                 from [01m[K/home/pandanuc3/catkin_ws4/src/moveit_tutorials/doc/move_group_interface/src/move_group_interface_tutorial.cpp:37[m[K:
[01m[K/usr/include/c++/5/complex:395:5:[m[K [01;36m[Knote: [m[Kcandidate: template<class _Tp> std::complex<_Tp> std::operator*(const std::complex<_Tp>&, const _Tp&)
     operator*(const complex<_Tp>& __x, const _Tp& __y)
[01;32m[K     ^[m[K
[01m[K/usr/include/c++/5/complex:395:5:[m[K [01;36m[Knote: [m[K  template argument deduction/substitution failed:
[01m[K/home/pandanuc3/catkin_ws4/src/moveit_tutorials/doc/move_group_interface/src/move_group_interface_tutorial.cpp:302:54:[m[K [01;36m[Knote: [m[K  ‘[01m[Kgeometry_msgs::Pose_<std::allocator<void> >::_orientation_type {aka geometry_msgs::Quaternion_<std::allocator<void> >}[m[K’ is not derived from ‘[01m[Kconst std::complex<_Tp>[m[K’
   target_pose1.orientation = start_pose0.orientation*0.8;
[01;32m[K                                                      ^[m[K
In file included from [01m[K/usr/include/boost/config/no_tr1/complex.hpp:21:0[m[K,
                 from [01m[K/usr/include/boost/math/special_functions/math_fwd.hpp:31[m[K,
                 from [01m[K/usr/include/boost/math/special_functions/sign.hpp:17[m[K,
                 from [01m[K/usr/include/boost/lexical_cast/detail/inf_nan.hpp:34[m[K,
                 from [01m[K/usr/include/boost/lexical_cast/detail/converter_lexical_streams.hpp:64[m[K,
                 from [01m[K/usr/include/boost/lexical_cast/detail/converter_lexical.hpp:53[m[K,
                 from [01m[K/usr/include/boost/lexical_cast/try_lexical_convert.hpp:34[m[K,
                 from [01m[K/usr/include/boost/lexical_cast.hpp:32[m[K,
                 from [01m[K/usr/include/urdf_model/pose.h:54[m[K,
                 from [01m[K/usr/include/urdf_model/joint.h:43[m[K,
                 from [01m[K/usr/include/urdf_model/link.h:44[m[K,
                 from [01m[K/usr/include/urdf_model/model.h:42[m[K,
                 from [01m[K/opt/ros/kinetic/include/urdf/model.h:42[m[K,
                 from [01m[K/opt/ros/kinetic/include/moveit/robot_model/robot_model.h:43[m[K,
                 from [01m[K/opt/ros/kinetic/include/moveit/robot_state/robot_state.h:41[m[K,
                 from [01m[K/opt/ros/kinetic/include/moveit/move_group_interface/move_group_interface.h:43[m[K,
                 from [01m[K/home/pandanuc3/catkin_ws4/src/moveit_tutorials/doc/move_group_interface/src/move_group_interface_tutorial.cpp:37[m[K:
[01m[K/usr/include/c++/5/complex:386:5:[m[K [01;36m[Knote: [m[Kcandidate: template<class _Tp> std::complex<_Tp> std::operator*(const std::complex<_Tp>&, const std::complex<_Tp>&)
     operator*(const complex<_Tp>& __x, const complex<_Tp>& __y)
[01;32m[K     ^[m[K
[01m[K/usr/include/c++/5/complex:386:5:[m[K [01;36m[Knote: [m[K  template argument deduction/substitution failed:
[01m[K/home/pandanuc3/catkin_ws4/src/moveit_tutorials/doc/move_group_interface/src/move_group_interface_tutorial.cpp:302:54:[m[K [01;36m[Knote: [m[K  ‘[01m[Kgeometry_msgs::Pose_<std::allocator<void> >::_orientation_type {aka geometry_msgs::Quaternion_<std::allocator<void> >}[m[K’ is not derived from ‘[01m[Kconst std::complex<_Tp>[m[K’
   target_pose1.orientation = start_pose0.orientation*0.8;
[01;32m[K                                                      ^[m[K
make[2]: *** [doc/move_group_interface/CMakeFiles/move_group_interface_tutorial.dir/src/move_group_interface_tutorial.cpp.o] Error 1
make[1]: *** [doc/move_group_interface/CMakeFiles/move_group_interface_tutorial.dir/all] Error 2
make: *** [all] Error 2
