[01m[K/home/pandanuc3/catkin_ws4/src/moveit_tutorials/doc/move_group_interface/src/move_group_interface_tutorial.cpp:[m[K In function ‘[01m[Kint main(int, char**)[m[K’:
[01m[K/home/pandanuc3/catkin_ws4/src/moveit_tutorials/doc/move_group_interface/src/move_group_interface_tutorial.cpp:307:9:[m[K [01;31m[Kerror: [m[K‘[01m[Kprint[m[K’ was not declared in this scope
   print()
[01;32m[K         ^[m[K
[01m[K/home/pandanuc3/catkin_ws4/src/moveit_tutorials/doc/move_group_interface/src/move_group_interface_tutorial.cpp:307:9:[m[K [01;36m[Knote: [m[Ksuggested alternatives:
In file included from [01m[K/opt/ros/kinetic/include/ros/ros.h:40:0[m[K,
                 from [01m[K/opt/ros/kinetic/include/urdf/model.h:47[m[K,
                 from [01m[K/opt/ros/kinetic/include/moveit/robot_model/robot_model.h:43[m[K,
                 from [01m[K/opt/ros/kinetic/include/moveit/robot_state/robot_state.h:41[m[K,
                 from [01m[K/opt/ros/kinetic/include/moveit/move_group_interface/move_group_interface.h:43[m[K,
                 from [01m[K/home/pandanuc3/catkin_ws4/src/moveit_tutorials/doc/move_group_interface/src/move_group_interface_tutorial.cpp:37[m[K:
[01m[K/opt/ros/kinetic/include/ros/console.h:160:22:[m[K [01;36m[Knote: [m[K  ‘[01m[Kros::console::print[m[K’
 ROSCONSOLE_DECL void print(FilterBase* filter, void* logger, Level level,
[01;32m[K                      ^[m[K
In file included from [01m[K/opt/ros/kinetic/include/ros/console.h:35:0[m[K,
                 from [01m[K/opt/ros/kinetic/include/ros/ros.h:40[m[K,
                 from [01m[K/opt/ros/kinetic/include/urdf/model.h:47[m[K,
                 from [01m[K/opt/ros/kinetic/include/moveit/robot_model/robot_model.h:43[m[K,
                 from [01m[K/opt/ros/kinetic/include/moveit/robot_state/robot_state.h:41[m[K,
                 from [01m[K/opt/ros/kinetic/include/moveit/move_group_interface/move_group_interface.h:43[m[K,
                 from [01m[K/home/pandanuc3/catkin_ws4/src/moveit_tutorials/doc/move_group_interface/src/move_group_interface_tutorial.cpp:37[m[K:
[01m[K/opt/ros/kinetic/include/ros/console_backend.h:60:6:[m[K [01;36m[Knote: [m[K  ‘[01m[Kros::console::backend::print[m[K’
 void print(void* logger_handle, ::ros::console::Level level, const char* str, const char* file, const char* function, int line);
[01;32m[K      ^[m[K
make[2]: *** [doc/move_group_interface/CMakeFiles/move_group_interface_tutorial.dir/src/move_group_interface_tutorial.cpp.o] Error 1
make[1]: *** [doc/move_group_interface/CMakeFiles/move_group_interface_tutorial.dir/all] Error 2
make: *** [all] Error 2
