[  0%] Built target tf2_msgs_generate_messages_lisp
[  0%] Built target franka_msgs_generate_messages_nodejs
[  9%] Built target tf2_msgs_generate_messages_nodejs
[ 14%] Built target franka_example_controllers_gencfg
[ 14%] Built target tf2_msgs_generate_messages_cpp
[ 14%] Built target tf2_msgs_generate_messages_eus
[ 14%] Built target sensor_msgs_generate_messages_nodejs
[ 14%] Built target sensor_msgs_generate_messages_cpp
[ 14%] Built target franka_msgs_generate_messages_py
[ 14%] Built target tf_generate_messages_py
[ 14%] Built target dynamic_reconfigure_generate_messages_eus
[ 14%] Built target _franka_example_controllers_generate_messages_check_deps_JointTorqueComparison
[ 14%] Built target dynamic_reconfigure_generate_messages_cpp
[ 14%] Built target roscpp_generate_messages_eus
[ 14%] Built target std_msgs_generate_messages_eus
[ 14%] Built target roscpp_generate_messages_lisp
[ 14%] Built target dynamic_reconfigure_generate_messages_lisp
[ 14%] Built target std_msgs_generate_messages_py
[ 14%] Built target dynamic_reconfigure_generate_messages_nodejs
[ 14%] Built target tf_generate_messages_lisp
[ 14%] Built target rosgraph_msgs_generate_messages_lisp
[ 14%] Built target rosgraph_msgs_generate_messages_py
[ 14%] Built target std_msgs_generate_messages_lisp
[ 14%] Built target roscpp_generate_messages_nodejs
[ 14%] Built target tf_generate_messages_cpp
[ 14%] Built target rosgraph_msgs_generate_messages_nodejs
[ 14%] Built target rosgraph_msgs_generate_messages_cpp
[ 14%] Built target geometry_msgs_generate_messages_lisp
[ 14%] Built target franka_msgs_generate_messages_lisp
[ 14%] Built target sensor_msgs_generate_messages_lisp
[ 14%] Built target roscpp_generate_messages_cpp
[ 14%] Built target actionlib_msgs_generate_messages_py
[ 14%] Built target geometry_msgs_generate_messages_eus
[ 14%] Built target tf_generate_messages_eus
[ 14%] Built target geometry_msgs_generate_messages_nodejs
[ 14%] Built target rosgraph_msgs_generate_messages_eus
[ 14%] Built target franka_msgs_generate_messages_cpp
[ 14%] Built target roscpp_generate_messages_py
[ 14%] Built target tf_generate_messages_nodejs
[ 14%] Built target dynamic_reconfigure_generate_messages_py
[ 14%] Built target actionlib_generate_messages_eus
[ 14%] Built target dynamic_reconfigure_gencfg
[ 14%] Built target geometry_msgs_generate_messages_cpp
[ 19%] Built target franka_example_controllers_generate_messages_lisp
[ 19%] Built target tf2_msgs_generate_messages_py
[ 19%] Built target actionlib_msgs_generate_messages_lisp
[ 19%] Built target actionlib_generate_messages_cpp
[ 19%] Built target actionlib_msgs_generate_messages_nodejs
[ 19%] Built target sensor_msgs_generate_messages_py
[ 19%] Built target actionlib_msgs_generate_messages_eus
[ 19%] Built target actionlib_msgs_generate_messages_cpp
[ 19%] Built target actionlib_generate_messages_lisp
[ 19%] Built target std_msgs_generate_messages_cpp
[ 19%] Built target actionlib_generate_messages_nodejs
[ 19%] Built target sensor_msgs_generate_messages_eus
[ 19%] Built target std_msgs_generate_messages_nodejs
[ 19%] Built target actionlib_generate_messages_py
[ 19%] Built target franka_msgs_generate_messages_eus
[ 28%] Built target franka_example_controllers_generate_messages_eus
[ 28%] Built target geometry_msgs_generate_messages_py
[ 38%] Built target franka_example_controllers_generate_messages_py
[ 42%] Built target franka_example_controllers_generate_messages_cpp
[ 47%] Built target franka_example_controllers_generate_messages_nodejs
[ 47%] Built target franka_example_controllers_gencpp
[ 47%] Built target franka_example_controllers_generate_messages
[100%] Built target franka_example_controllers
