Determining if the pthread_create exist failed with the following output:
Change Dir: /home/pandanuc3/catkin_ws4/build/franka_example_controllers/CMakeFiles/CMakeTmp

Run Build Command:"/usr/bin/make" "cmTC_b8b2c/fast"
/usr/bin/make -f CMakeFiles/cmTC_b8b2c.dir/build.make CMakeFiles/cmTC_b8b2c.dir/build
make[1]: Entering directory '/home/pandanuc3/catkin_ws4/build/franka_example_controllers/CMakeFiles/CMakeTmp'
Building C object CMakeFiles/cmTC_b8b2c.dir/CheckSymbolExists.c.o
/usr/bin/cc     -o CMakeFiles/cmTC_b8b2c.dir/CheckSymbolExists.c.o   -c /home/pandanuc3/catkin_ws4/build/franka_example_controllers/CMakeFiles/CMakeTmp/CheckSymbolExists.c
Linking C executable cmTC_b8b2c
/usr/bin/cmake -E cmake_link_script CMakeFiles/cmTC_b8b2c.dir/link.txt --verbose=1
/usr/bin/cc       CMakeFiles/cmTC_b8b2c.dir/CheckSymbolExists.c.o  -o cmTC_b8b2c -rdynamic 
CMakeFiles/cmTC_b8b2c.dir/CheckSymbolExists.c.o: In function `main':
CheckSymbolExists.c:(.text+0x16): undefined reference to `pthread_create'
collect2: error: ld returned 1 exit status
CMakeFiles/cmTC_b8b2c.dir/build.make:97: recipe for target 'cmTC_b8b2c' failed
make[1]: *** [cmTC_b8b2c] Error 1
make[1]: Leaving directory '/home/pandanuc3/catkin_ws4/build/franka_example_controllers/CMakeFiles/CMakeTmp'
Makefile:126: recipe for target 'cmTC_b8b2c/fast' failed
make: *** [cmTC_b8b2c/fast] Error 2

File /home/pandanuc3/catkin_ws4/build/franka_example_controllers/CMakeFiles/CMakeTmp/CheckSymbolExists.c:
/* */
#include <pthread.h>

int main(int argc, char** argv)
{
  (void)argv;
#ifndef pthread_create
  return ((int*)(&pthread_create))[argc];
#else
  (void)argc;
  return 0;
#endif
}

Determining if the function pthread_create exists in the pthreads failed with the following output:
Change Dir: /home/pandanuc3/catkin_ws4/build/franka_example_controllers/CMakeFiles/CMakeTmp

Run Build Command:"/usr/bin/make" "cmTC_14803/fast"
/usr/bin/make -f CMakeFiles/cmTC_14803.dir/build.make CMakeFiles/cmTC_14803.dir/build
make[1]: Entering directory '/home/pandanuc3/catkin_ws4/build/franka_example_controllers/CMakeFiles/CMakeTmp'
Building C object CMakeFiles/cmTC_14803.dir/CheckFunctionExists.c.o
/usr/bin/cc    -DCHECK_FUNCTION_EXISTS=pthread_create   -o CMakeFiles/cmTC_14803.dir/CheckFunctionExists.c.o   -c /usr/share/cmake-3.5/Modules/CheckFunctionExists.c
Linking C executable cmTC_14803
/usr/bin/cmake -E cmake_link_script CMakeFiles/cmTC_14803.dir/link.txt --verbose=1
/usr/bin/cc   -DCHECK_FUNCTION_EXISTS=pthread_create    CMakeFiles/cmTC_14803.dir/CheckFunctionExists.c.o  -o cmTC_14803 -rdynamic -lpthreads 
/usr/bin/ld: cannot find -lpthreads
collect2: error: ld returned 1 exit status
CMakeFiles/cmTC_14803.dir/build.make:97: recipe for target 'cmTC_14803' failed
make[1]: *** [cmTC_14803] Error 1
make[1]: Leaving directory '/home/pandanuc3/catkin_ws4/build/franka_example_controllers/CMakeFiles/CMakeTmp'
Makefile:126: recipe for target 'cmTC_14803/fast' failed
make: *** [cmTC_14803/fast] Error 2


